{"D:\\Uni\\2\\Kursach\\kursova\\app.js": {"path":"D:\\Uni\\2\\Kursach\\kursova\\app.js","statementMap":{"0":{"start":{"line":1,"column":0},"end":{"line":1,"column":26}},"1":{"start":{"line":2,"column":16},"end":{"line":2,"column":34}},"2":{"start":{"line":3,"column":17},"end":{"line":3,"column":36}},"3":{"start":{"line":4,"column":12},"end":{"line":4,"column":21}},"4":{"start":{"line":5,"column":19},"end":{"line":5,"column":48}},"5":{"start":{"line":6,"column":19},"end":{"line":6,"column":43}},"6":{"start":{"line":7,"column":16},"end":{"line":7,"column":42}},"7":{"start":{"line":8,"column":19},"end":{"line":8,"column":43}},"8":{"start":{"line":10,"column":13},"end":{"line":10,"column":37}},"9":{"start":{"line":11,"column":17},"end":{"line":11,"column":28}},"10":{"start":{"line":12,"column":20},"end":{"line":12,"column":115}},"11":{"start":{"line":13,"column":22},"end":{"line":13,"column":61}},"12":{"start":{"line":16,"column":0},"end":{"line":26,"column":3}},"13":{"start":{"line":28,"column":0},"end":{"line":28,"column":47}},"14":{"start":{"line":29,"column":0},"end":{"line":29,"column":24}},"15":{"start":{"line":30,"column":0},"end":{"line":30,"column":34}},"16":{"start":{"line":31,"column":0},"end":{"line":31,"column":20}},"17":{"start":{"line":41,"column":0},"end":{"line":41,"column":30}},"18":{"start":{"line":42,"column":0},"end":{"line":42,"column":28}},"19":{"start":{"line":44,"column":0},"end":{"line":51,"column":3}},"20":{"start":{"line":53,"column":14},"end":{"line":66,"column":1}},"21":{"start":{"line":54,"column":4},"end":{"line":65,"column":5}},"22":{"start":{"line":55,"column":8},"end":{"line":58,"column":10}},"23":{"start":{"line":59,"column":8},"end":{"line":61,"column":10}},"24":{"start":{"line":60,"column":12},"end":{"line":60,"column":51}},"25":{"start":{"line":64,"column":8},"end":{"line":64,"column":23}},"26":{"start":{"line":68,"column":0},"end":{"line":68,"column":8}}},"fnMap":{"0":{"name":"(anonymous_0)","decl":{"start":{"line":53,"column":14},"end":{"line":53,"column":15}},"loc":{"start":{"line":53,"column":26},"end":{"line":66,"column":1}},"line":53},"1":{"name":"(anonymous_1)","decl":{"start":{"line":59,"column":25},"end":{"line":59,"column":26}},"loc":{"start":{"line":59,"column":29},"end":{"line":61,"column":9}},"line":59}},"branchMap":{"0":{"loc":{"start":{"line":10,"column":13},"end":{"line":10,"column":37}},"type":"binary-expr","locations":[{"start":{"line":10,"column":13},"end":{"line":10,"column":29}},{"start":{"line":10,"column":33},"end":{"line":10,"column":37}}],"line":10},"1":{"loc":{"start":{"line":13,"column":22},"end":{"line":13,"column":61}},"type":"binary-expr","locations":[{"start":{"line":13,"column":22},"end":{"line":13,"column":48}},{"start":{"line":13,"column":52},"end":{"line":13,"column":61}}],"line":13}},"s":{"0":1,"1":1,"2":1,"3":1,"4":1,"5":1,"6":1,"7":1,"8":1,"9":1,"10":1,"11":1,"12":1,"13":1,"14":1,"15":1,"16":1,"17":1,"18":1,"19":1,"20":1,"21":1,"22":1,"23":0,"24":0,"25":0,"26":1},"f":{"0":1,"1":0},"b":{"0":[1,1],"1":[1,0]},"_coverageSchema":"1a1c01bbd47fc00a2c39e90264f33305004495a9","hash":"6a40b19ae0b7c86adfb162bc909b8a532e5cf200"}
,"D:\\Uni\\2\\Kursach\\kursova\\controllers\\productController.js": {"path":"D:\\Uni\\2\\Kursach\\kursova\\controllers\\productController.js","statementMap":{"0":{"start":{"line":1,"column":16},"end":{"line":1,"column":44}},"1":{"start":{"line":2,"column":29},"end":{"line":2,"column":54}},"2":{"start":{"line":3,"column":13},"end":{"line":3,"column":38}},"3":{"start":{"line":7,"column":8},"end":{"line":34,"column":9}},"4":{"start":{"line":8,"column":103},"end":{"line":8,"column":111}},"5":{"start":{"line":9,"column":34},"end":{"line":9,"column":85}},"6":{"start":{"line":10,"column":32},"end":{"line":10,"column":79}},"7":{"start":{"line":13,"column":28},"end":{"line":26,"column":14}},"8":{"start":{"line":28,"column":12},"end":{"line":28,"column":33}},"9":{"start":{"line":29,"column":12},"end":{"line":29,"column":124}},"10":{"start":{"line":32,"column":12},"end":{"line":32,"column":27}},"11":{"start":{"line":33,"column":12},"end":{"line":33,"column":54}},"12":{"start":{"line":38,"column":8},"end":{"line":52,"column":9}},"13":{"start":{"line":39,"column":27},"end":{"line":39,"column":39}},"14":{"start":{"line":41,"column":12},"end":{"line":46,"column":13}},"15":{"start":{"line":42,"column":16},"end":{"line":42,"column":80}},"16":{"start":{"line":43,"column":18},"end":{"line":46,"column":13}},"17":{"start":{"line":45,"column":16},"end":{"line":45,"column":84}},"18":{"start":{"line":47,"column":12},"end":{"line":47,"column":47}},"19":{"start":{"line":50,"column":12},"end":{"line":50,"column":26}},"20":{"start":{"line":51,"column":12},"end":{"line":51,"column":54}},"21":{"start":{"line":56,"column":8},"end":{"line":70,"column":9}},"22":{"start":{"line":57,"column":27},"end":{"line":57,"column":39}},"23":{"start":{"line":59,"column":12},"end":{"line":64,"column":13}},"24":{"start":{"line":60,"column":16},"end":{"line":60,"column":80}},"25":{"start":{"line":62,"column":17},"end":{"line":64,"column":13}},"26":{"start":{"line":63,"column":16},"end":{"line":63,"column":78}},"27":{"start":{"line":65,"column":12},"end":{"line":65,"column":47}},"28":{"start":{"line":68,"column":12},"end":{"line":68,"column":26}},"29":{"start":{"line":69,"column":12},"end":{"line":69,"column":54}},"30":{"start":{"line":74,"column":8},"end":{"line":87,"column":9}},"31":{"start":{"line":75,"column":27},"end":{"line":75,"column":39}},"32":{"start":{"line":77,"column":12},"end":{"line":81,"column":13}},"33":{"start":{"line":78,"column":16},"end":{"line":78,"column":129}},"34":{"start":{"line":79,"column":18},"end":{"line":81,"column":13}},"35":{"start":{"line":80,"column":16},"end":{"line":80,"column":99}},"36":{"start":{"line":82,"column":12},"end":{"line":82,"column":47}},"37":{"start":{"line":85,"column":12},"end":{"line":85,"column":27}},"38":{"start":{"line":86,"column":12},"end":{"line":86,"column":54}},"39":{"start":{"line":94,"column":4},"end":{"line":94,"column":49}},"40":{"start":{"line":97,"column":0},"end":{"line":97,"column":41}}},"fnMap":{"0":{"name":"(anonymous_0)","decl":{"start":{"line":6,"column":4},"end":{"line":6,"column":5}},"loc":{"start":{"line":6,"column":33},"end":{"line":35,"column":5}},"line":6},"1":{"name":"(anonymous_1)","decl":{"start":{"line":37,"column":4},"end":{"line":37,"column":5}},"loc":{"start":{"line":37,"column":39},"end":{"line":53,"column":5}},"line":37},"2":{"name":"(anonymous_2)","decl":{"start":{"line":55,"column":4},"end":{"line":55,"column":5}},"loc":{"start":{"line":55,"column":38},"end":{"line":71,"column":5}},"line":55},"3":{"name":"(anonymous_3)","decl":{"start":{"line":73,"column":4},"end":{"line":73,"column":5}},"loc":{"start":{"line":73,"column":38},"end":{"line":88,"column":5}},"line":73},"4":{"name":"findAndUpdate","decl":{"start":{"line":93,"column":15},"end":{"line":93,"column":28}},"loc":{"start":{"line":93,"column":43},"end":{"line":95,"column":1}},"line":93}},"branchMap":{"0":{"loc":{"start":{"line":41,"column":12},"end":{"line":46,"column":13}},"type":"if","locations":[{"start":{"line":41,"column":12},"end":{"line":46,"column":13}},{"start":{"line":43,"column":18},"end":{"line":46,"column":13}}],"line":41},"1":{"loc":{"start":{"line":43,"column":18},"end":{"line":46,"column":13}},"type":"if","locations":[{"start":{"line":43,"column":18},"end":{"line":46,"column":13}},{"start":{},"end":{}}],"line":43},"2":{"loc":{"start":{"line":59,"column":12},"end":{"line":64,"column":13}},"type":"if","locations":[{"start":{"line":59,"column":12},"end":{"line":64,"column":13}},{"start":{"line":62,"column":17},"end":{"line":64,"column":13}}],"line":59},"3":{"loc":{"start":{"line":62,"column":17},"end":{"line":64,"column":13}},"type":"if","locations":[{"start":{"line":62,"column":17},"end":{"line":64,"column":13}},{"start":{},"end":{}}],"line":62},"4":{"loc":{"start":{"line":77,"column":12},"end":{"line":81,"column":13}},"type":"if","locations":[{"start":{"line":77,"column":12},"end":{"line":81,"column":13}},{"start":{"line":79,"column":18},"end":{"line":81,"column":13}}],"line":77},"5":{"loc":{"start":{"line":79,"column":18},"end":{"line":81,"column":13}},"type":"if","locations":[{"start":{"line":79,"column":18},"end":{"line":81,"column":13}},{"start":{},"end":{}}],"line":79}},"s":{"0":1,"1":1,"2":1,"3":0,"4":0,"5":0,"6":0,"7":0,"8":0,"9":0,"10":0,"11":0,"12":0,"13":0,"14":0,"15":0,"16":0,"17":0,"18":0,"19":0,"20":0,"21":0,"22":0,"23":0,"24":0,"25":0,"26":0,"27":0,"28":0,"29":0,"30":0,"31":0,"32":0,"33":0,"34":0,"35":0,"36":0,"37":0,"38":0,"39":0,"40":1},"f":{"0":0,"1":0,"2":0,"3":0,"4":0},"b":{"0":[0,0],"1":[0,0],"2":[0,0],"3":[0,0],"4":[0,0],"5":[0,0]},"_coverageSchema":"1a1c01bbd47fc00a2c39e90264f33305004495a9","hash":"b27d6c0027340530f8e9085102a6ead5314c8c5b"}
,"D:\\Uni\\2\\Kursach\\kursova\\controllers\\productListController.js": {"path":"D:\\Uni\\2\\Kursach\\kursova\\controllers\\productListController.js","statementMap":{"0":{"start":{"line":1,"column":13},"end":{"line":1,"column":38}},"1":{"start":{"line":2,"column":16},"end":{"line":2,"column":44}},"2":{"start":{"line":7,"column":8},"end":{"line":14,"column":36}},"3":{"start":{"line":8,"column":27},"end":{"line":8,"column":97}},"4":{"start":{"line":9,"column":32},"end":{"line":9,"column":113}},"5":{"start":{"line":10,"column":12},"end":{"line":10,"column":63}},"6":{"start":{"line":10,"column":30},"end":{"line":10,"column":61}},"7":{"start":{"line":12,"column":12},"end":{"line":12,"column":110}},"8":{"start":{"line":14,"column":19},"end":{"line":14,"column":34}},"9":{"start":{"line":18,"column":8},"end":{"line":24,"column":36}},"10":{"start":{"line":19,"column":32},"end":{"line":19,"column":118}},"11":{"start":{"line":20,"column":12},"end":{"line":20,"column":63}},"12":{"start":{"line":20,"column":30},"end":{"line":20,"column":61}},"13":{"start":{"line":22,"column":12},"end":{"line":22,"column":110}},"14":{"start":{"line":24,"column":19},"end":{"line":24,"column":34}},"15":{"start":{"line":28,"column":8},"end":{"line":39,"column":36}},"16":{"start":{"line":30,"column":12},"end":{"line":34,"column":13}},"17":{"start":{"line":31,"column":16},"end":{"line":31,"column":89}},"18":{"start":{"line":32,"column":18},"end":{"line":34,"column":13}},"19":{"start":{"line":33,"column":16},"end":{"line":33,"column":115}},"20":{"start":{"line":35,"column":12},"end":{"line":35,"column":63}},"21":{"start":{"line":35,"column":30},"end":{"line":35,"column":61}},"22":{"start":{"line":37,"column":12},"end":{"line":37,"column":110}},"23":{"start":{"line":39,"column":19},"end":{"line":39,"column":34}},"24":{"start":{"line":43,"column":8},"end":{"line":59,"column":35}},"25":{"start":{"line":45,"column":25},"end":{"line":45,"column":43}},"26":{"start":{"line":47,"column":12},"end":{"line":53,"column":13}},"27":{"start":{"line":48,"column":16},"end":{"line":48,"column":71}},"28":{"start":{"line":49,"column":18},"end":{"line":53,"column":13}},"29":{"start":{"line":50,"column":16},"end":{"line":50,"column":65}},"30":{"start":{"line":51,"column":18},"end":{"line":53,"column":13}},"31":{"start":{"line":52,"column":16},"end":{"line":52,"column":110}},"32":{"start":{"line":54,"column":12},"end":{"line":54,"column":63}},"33":{"start":{"line":54,"column":30},"end":{"line":54,"column":61}},"34":{"start":{"line":56,"column":12},"end":{"line":56,"column":110}},"35":{"start":{"line":59,"column":19},"end":{"line":59,"column":34}},"36":{"start":{"line":63,"column":8},"end":{"line":72,"column":35}},"37":{"start":{"line":64,"column":27},"end":{"line":64,"column":97}},"38":{"start":{"line":65,"column":32},"end":{"line":65,"column":88}},"39":{"start":{"line":67,"column":12},"end":{"line":67,"column":63}},"40":{"start":{"line":67,"column":30},"end":{"line":67,"column":61}},"41":{"start":{"line":69,"column":12},"end":{"line":69,"column":110}},"42":{"start":{"line":72,"column":19},"end":{"line":72,"column":34}},"43":{"start":{"line":76,"column":8},"end":{"line":96,"column":34}},"44":{"start":{"line":79,"column":12},"end":{"line":81,"column":13}},"45":{"start":{"line":80,"column":16},"end":{"line":80,"column":143}},"46":{"start":{"line":83,"column":12},"end":{"line":83,"column":62}},"47":{"start":{"line":83,"column":30},"end":{"line":83,"column":60}},"48":{"start":{"line":85,"column":12},"end":{"line":85,"column":32}},"49":{"start":{"line":86,"column":12},"end":{"line":86,"column":41}},"50":{"start":{"line":94,"column":12},"end":{"line":94,"column":110}},"51":{"start":{"line":96,"column":18},"end":{"line":96,"column":33}},"52":{"start":{"line":101,"column":8},"end":{"line":110,"column":34}},"53":{"start":{"line":103,"column":12},"end":{"line":105,"column":13}},"54":{"start":{"line":104,"column":16},"end":{"line":104,"column":111}},"55":{"start":{"line":106,"column":12},"end":{"line":106,"column":63}},"56":{"start":{"line":106,"column":30},"end":{"line":106,"column":61}},"57":{"start":{"line":108,"column":12},"end":{"line":108,"column":110}},"58":{"start":{"line":110,"column":18},"end":{"line":110,"column":33}},"59":{"start":{"line":114,"column":8},"end":{"line":137,"column":33}},"60":{"start":{"line":115,"column":28},"end":{"line":115,"column":68}},"61":{"start":{"line":116,"column":42},"end":{"line":116,"column":93}},"62":{"start":{"line":117,"column":35},"end":{"line":117,"column":55}},"63":{"start":{"line":119,"column":12},"end":{"line":133,"column":13}},"64":{"start":{"line":120,"column":16},"end":{"line":120,"column":46}},"65":{"start":{"line":121,"column":18},"end":{"line":133,"column":13}},"66":{"start":{"line":122,"column":16},"end":{"line":122,"column":47}},"67":{"start":{"line":123,"column":16},"end":{"line":125,"column":17}},"68":{"start":{"line":124,"column":20},"end":{"line":124,"column":54}},"69":{"start":{"line":126,"column":18},"end":{"line":133,"column":13}},"70":{"start":{"line":127,"column":16},"end":{"line":127,"column":46}},"71":{"start":{"line":128,"column":16},"end":{"line":132,"column":17}},"72":{"start":{"line":129,"column":20},"end":{"line":131,"column":21}},"73":{"start":{"line":130,"column":24},"end":{"line":130,"column":58}},"74":{"start":{"line":135,"column":12},"end":{"line":135,"column":106}},"75":{"start":{"line":137,"column":18},"end":{"line":137,"column":32}},"76":{"start":{"line":142,"column":24},"end":{"line":142,"column":49}},"77":{"start":{"line":143,"column":22},"end":{"line":143,"column":46}},"78":{"start":{"line":144,"column":4},"end":{"line":144,"column":21}},"79":{"start":{"line":148,"column":15},"end":{"line":148,"column":17}},"80":{"start":{"line":150,"column":4},"end":{"line":165,"column":6}},"81":{"start":{"line":151,"column":22},"end":{"line":151,"column":24}},"82":{"start":{"line":152,"column":8},"end":{"line":152,"column":26}},"83":{"start":{"line":153,"column":8},"end":{"line":153,"column":29}},"84":{"start":{"line":154,"column":8},"end":{"line":154,"column":43}},"85":{"start":{"line":155,"column":8},"end":{"line":155,"column":33}},"86":{"start":{"line":156,"column":8},"end":{"line":156,"column":31}},"87":{"start":{"line":157,"column":8},"end":{"line":157,"column":33}},"88":{"start":{"line":158,"column":8},"end":{"line":158,"column":47}},"89":{"start":{"line":159,"column":8},"end":{"line":159,"column":45}},"90":{"start":{"line":160,"column":8},"end":{"line":160,"column":49}},"91":{"start":{"line":161,"column":8},"end":{"line":161,"column":47}},"92":{"start":{"line":162,"column":8},"end":{"line":162,"column":39}},"93":{"start":{"line":164,"column":8},"end":{"line":164,"column":27}},"94":{"start":{"line":166,"column":4},"end":{"line":166,"column":16}},"95":{"start":{"line":170,"column":0},"end":{"line":170,"column":45}}},"fnMap":{"0":{"name":"(anonymous_0)","decl":{"start":{"line":6,"column":4},"end":{"line":6,"column":5}},"loc":{"start":{"line":6,"column":37},"end":{"line":15,"column":5}},"line":6},"1":{"name":"(anonymous_1)","decl":{"start":{"line":17,"column":4},"end":{"line":17,"column":5}},"loc":{"start":{"line":17,"column":40},"end":{"line":25,"column":5}},"line":17},"2":{"name":"(anonymous_2)","decl":{"start":{"line":27,"column":4},"end":{"line":27,"column":5}},"loc":{"start":{"line":27,"column":41},"end":{"line":40,"column":5}},"line":27},"3":{"name":"(anonymous_3)","decl":{"start":{"line":42,"column":4},"end":{"line":42,"column":5}},"loc":{"start":{"line":42,"column":34},"end":{"line":60,"column":5}},"line":42},"4":{"name":"(anonymous_4)","decl":{"start":{"line":62,"column":4},"end":{"line":62,"column":5}},"loc":{"start":{"line":62,"column":39},"end":{"line":73,"column":5}},"line":62},"5":{"name":"(anonymous_5)","decl":{"start":{"line":75,"column":4},"end":{"line":75,"column":5}},"loc":{"start":{"line":75,"column":42},"end":{"line":97,"column":5}},"line":75},"6":{"name":"(anonymous_6)","decl":{"start":{"line":100,"column":4},"end":{"line":100,"column":5}},"loc":{"start":{"line":100,"column":43},"end":{"line":111,"column":5}},"line":100},"7":{"name":"(anonymous_7)","decl":{"start":{"line":113,"column":4},"end":{"line":113,"column":5}},"loc":{"start":{"line":113,"column":41},"end":{"line":138,"column":5}},"line":113},"8":{"name":"findProducts","decl":{"start":{"line":141,"column":15},"end":{"line":141,"column":27}},"loc":{"start":{"line":141,"column":34},"end":{"line":145,"column":1}},"line":141},"9":{"name":"convertList","decl":{"start":{"line":147,"column":9},"end":{"line":147,"column":20}},"loc":{"start":{"line":147,"column":33},"end":{"line":167,"column":1}},"line":147},"10":{"name":"(anonymous_10)","decl":{"start":{"line":150,"column":24},"end":{"line":150,"column":25}},"loc":{"start":{"line":150,"column":29},"end":{"line":165,"column":5}},"line":150}},"branchMap":{"0":{"loc":{"start":{"line":10,"column":12},"end":{"line":10,"column":63}},"type":"if","locations":[{"start":{"line":10,"column":12},"end":{"line":10,"column":63}},{"start":{},"end":{}}],"line":10},"1":{"loc":{"start":{"line":20,"column":12},"end":{"line":20,"column":63}},"type":"if","locations":[{"start":{"line":20,"column":12},"end":{"line":20,"column":63}},{"start":{},"end":{}}],"line":20},"2":{"loc":{"start":{"line":30,"column":12},"end":{"line":34,"column":13}},"type":"if","locations":[{"start":{"line":30,"column":12},"end":{"line":34,"column":13}},{"start":{"line":32,"column":18},"end":{"line":34,"column":13}}],"line":30},"3":{"loc":{"start":{"line":32,"column":18},"end":{"line":34,"column":13}},"type":"if","locations":[{"start":{"line":32,"column":18},"end":{"line":34,"column":13}},{"start":{},"end":{}}],"line":32},"4":{"loc":{"start":{"line":35,"column":12},"end":{"line":35,"column":63}},"type":"if","locations":[{"start":{"line":35,"column":12},"end":{"line":35,"column":63}},{"start":{},"end":{}}],"line":35},"5":{"loc":{"start":{"line":47,"column":12},"end":{"line":53,"column":13}},"type":"if","locations":[{"start":{"line":47,"column":12},"end":{"line":53,"column":13}},{"start":{"line":49,"column":18},"end":{"line":53,"column":13}}],"line":47},"6":{"loc":{"start":{"line":49,"column":18},"end":{"line":53,"column":13}},"type":"if","locations":[{"start":{"line":49,"column":18},"end":{"line":53,"column":13}},{"start":{"line":51,"column":18},"end":{"line":53,"column":13}}],"line":49},"7":{"loc":{"start":{"line":51,"column":18},"end":{"line":53,"column":13}},"type":"if","locations":[{"start":{"line":51,"column":18},"end":{"line":53,"column":13}},{"start":{},"end":{}}],"line":51},"8":{"loc":{"start":{"line":54,"column":12},"end":{"line":54,"column":63}},"type":"if","locations":[{"start":{"line":54,"column":12},"end":{"line":54,"column":63}},{"start":{},"end":{}}],"line":54},"9":{"loc":{"start":{"line":67,"column":12},"end":{"line":67,"column":63}},"type":"if","locations":[{"start":{"line":67,"column":12},"end":{"line":67,"column":63}},{"start":{},"end":{}}],"line":67},"10":{"loc":{"start":{"line":79,"column":12},"end":{"line":81,"column":13}},"type":"if","locations":[{"start":{"line":79,"column":12},"end":{"line":81,"column":13}},{"start":{},"end":{}}],"line":79},"11":{"loc":{"start":{"line":83,"column":12},"end":{"line":83,"column":62}},"type":"if","locations":[{"start":{"line":83,"column":12},"end":{"line":83,"column":62}},{"start":{},"end":{}}],"line":83},"12":{"loc":{"start":{"line":103,"column":12},"end":{"line":105,"column":13}},"type":"if","locations":[{"start":{"line":103,"column":12},"end":{"line":105,"column":13}},{"start":{},"end":{}}],"line":103},"13":{"loc":{"start":{"line":106,"column":12},"end":{"line":106,"column":63}},"type":"if","locations":[{"start":{"line":106,"column":12},"end":{"line":106,"column":63}},{"start":{},"end":{}}],"line":106},"14":{"loc":{"start":{"line":119,"column":12},"end":{"line":133,"column":13}},"type":"if","locations":[{"start":{"line":119,"column":12},"end":{"line":133,"column":13}},{"start":{"line":121,"column":18},"end":{"line":133,"column":13}}],"line":119},"15":{"loc":{"start":{"line":121,"column":18},"end":{"line":133,"column":13}},"type":"if","locations":[{"start":{"line":121,"column":18},"end":{"line":133,"column":13}},{"start":{"line":126,"column":18},"end":{"line":133,"column":13}}],"line":121},"16":{"loc":{"start":{"line":123,"column":16},"end":{"line":125,"column":17}},"type":"if","locations":[{"start":{"line":123,"column":16},"end":{"line":125,"column":17}},{"start":{},"end":{}}],"line":123},"17":{"loc":{"start":{"line":126,"column":18},"end":{"line":133,"column":13}},"type":"if","locations":[{"start":{"line":126,"column":18},"end":{"line":133,"column":13}},{"start":{},"end":{}}],"line":126},"18":{"loc":{"start":{"line":128,"column":16},"end":{"line":132,"column":17}},"type":"if","locations":[{"start":{"line":128,"column":16},"end":{"line":132,"column":17}},{"start":{},"end":{}}],"line":128},"19":{"loc":{"start":{"line":129,"column":20},"end":{"line":131,"column":21}},"type":"if","locations":[{"start":{"line":129,"column":20},"end":{"line":131,"column":21}},{"start":{},"end":{}}],"line":129}},"s":{"0":1,"1":1,"2":0,"3":0,"4":0,"5":0,"6":0,"7":0,"8":0,"9":0,"10":0,"11":0,"12":0,"13":0,"14":0,"15":0,"16":0,"17":0,"18":0,"19":0,"20":0,"21":0,"22":0,"23":0,"24":0,"25":0,"26":0,"27":0,"28":0,"29":0,"30":0,"31":0,"32":0,"33":0,"34":0,"35":0,"36":0,"37":0,"38":0,"39":0,"40":0,"41":0,"42":0,"43":0,"44":0,"45":0,"46":0,"47":0,"48":0,"49":0,"50":0,"51":0,"52":0,"53":0,"54":0,"55":0,"56":0,"57":0,"58":0,"59":0,"60":0,"61":0,"62":0,"63":0,"64":0,"65":0,"66":0,"67":0,"68":0,"69":0,"70":0,"71":0,"72":0,"73":0,"74":0,"75":0,"76":0,"77":0,"78":0,"79":0,"80":0,"81":0,"82":0,"83":0,"84":0,"85":0,"86":0,"87":0,"88":0,"89":0,"90":0,"91":0,"92":0,"93":0,"94":0,"95":1},"f":{"0":0,"1":0,"2":0,"3":0,"4":0,"5":0,"6":0,"7":0,"8":0,"9":0,"10":0},"b":{"0":[0,0],"1":[0,0],"2":[0,0],"3":[0,0],"4":[0,0],"5":[0,0],"6":[0,0],"7":[0,0],"8":[0,0],"9":[0,0],"10":[0,0],"11":[0,0],"12":[0,0],"13":[0,0],"14":[0,0],"15":[0,0],"16":[0,0],"17":[0,0],"18":[0,0],"19":[0,0]},"_coverageSchema":"1a1c01bbd47fc00a2c39e90264f33305004495a9","hash":"daacfbfc175d48f8dc13fab9f4e141d1525591ea"}
,"D:\\Uni\\2\\Kursach\\kursova\\controllers\\userController.js": {"path":"D:\\Uni\\2\\Kursach\\kursova\\controllers\\userController.js","statementMap":{"0":{"start":{"line":1,"column":13},"end":{"line":1,"column":38}},"1":{"start":{"line":2,"column":15},"end":{"line":2,"column":34}},"2":{"start":{"line":7,"column":8},"end":{"line":35,"column":9}},"3":{"start":{"line":8,"column":69},"end":{"line":8,"column":77}},"4":{"start":{"line":10,"column":12},"end":{"line":10,"column":30}},"5":{"start":{"line":11,"column":12},"end":{"line":11,"column":33}},"6":{"start":{"line":13,"column":30},"end":{"line":13,"column":86}},"7":{"start":{"line":14,"column":12},"end":{"line":16,"column":13}},"8":{"start":{"line":15,"column":16},"end":{"line":15,"column":169}},"9":{"start":{"line":18,"column":33},"end":{"line":18,"column":61}},"10":{"start":{"line":20,"column":25},"end":{"line":26,"column":14}},"11":{"start":{"line":27,"column":12},"end":{"line":27,"column":61}},"12":{"start":{"line":27,"column":35},"end":{"line":27,"column":59}},"13":{"start":{"line":29,"column":12},"end":{"line":29,"column":30}},"14":{"start":{"line":30,"column":12},"end":{"line":30,"column":122}},"15":{"start":{"line":33,"column":12},"end":{"line":33,"column":27}},"16":{"start":{"line":34,"column":12},"end":{"line":34,"column":65}},"17":{"start":{"line":39,"column":8},"end":{"line":65,"column":9}},"18":{"start":{"line":40,"column":46},"end":{"line":40,"column":54}},"19":{"start":{"line":41,"column":25},"end":{"line":41,"column":56}},"20":{"start":{"line":44,"column":12},"end":{"line":46,"column":13}},"21":{"start":{"line":45,"column":16},"end":{"line":45,"column":158}},"22":{"start":{"line":47,"column":34},"end":{"line":47,"column":77}},"23":{"start":{"line":48,"column":12},"end":{"line":50,"column":13}},"24":{"start":{"line":49,"column":16},"end":{"line":49,"column":142}},"25":{"start":{"line":52,"column":12},"end":{"line":52,"column":42}},"26":{"start":{"line":53,"column":12},"end":{"line":53,"column":45}},"27":{"start":{"line":54,"column":12},"end":{"line":54,"column":38}},"28":{"start":{"line":56,"column":12},"end":{"line":56,"column":35}},"29":{"start":{"line":57,"column":12},"end":{"line":57,"column":46}},"30":{"start":{"line":60,"column":12},"end":{"line":60,"column":122}},"31":{"start":{"line":63,"column":12},"end":{"line":63,"column":27}},"32":{"start":{"line":64,"column":12},"end":{"line":64,"column":66}},"33":{"start":{"line":69,"column":8},"end":{"line":87,"column":9}},"34":{"start":{"line":70,"column":25},"end":{"line":70,"column":72}},"35":{"start":{"line":72,"column":12},"end":{"line":78,"column":13}},"36":{"start":{"line":73,"column":16},"end":{"line":73,"column":33}},"37":{"start":{"line":74,"column":16},"end":{"line":77,"column":18}},"38":{"start":{"line":76,"column":20},"end":{"line":76,"column":53}},"39":{"start":{"line":80,"column":12},"end":{"line":80,"column":34}},"40":{"start":{"line":82,"column":12},"end":{"line":82,"column":110}},"41":{"start":{"line":85,"column":12},"end":{"line":85,"column":27}},"42":{"start":{"line":86,"column":12},"end":{"line":86,"column":59}},"43":{"start":{"line":91,"column":8},"end":{"line":120,"column":9}},"44":{"start":{"line":92,"column":25},"end":{"line":92,"column":72}},"45":{"start":{"line":93,"column":12},"end":{"line":115,"column":13}},"46":{"start":{"line":94,"column":33},"end":{"line":107,"column":17}},"47":{"start":{"line":108,"column":16},"end":{"line":110,"column":45}},"48":{"start":{"line":108,"column":43},"end":{"line":108,"column":65}},"49":{"start":{"line":109,"column":21},"end":{"line":110,"column":45}},"50":{"start":{"line":109,"column":48},"end":{"line":109,"column":69}},"51":{"start":{"line":110,"column":22},"end":{"line":110,"column":43}},"52":{"start":{"line":112,"column":16},"end":{"line":112,"column":54}},"53":{"start":{"line":118,"column":12},"end":{"line":118,"column":27}},"54":{"start":{"line":119,"column":12},"end":{"line":119,"column":57}},"55":{"start":{"line":124,"column":8},"end":{"line":131,"column":9}},"56":{"start":{"line":129,"column":12},"end":{"line":129,"column":27}},"57":{"start":{"line":130,"column":12},"end":{"line":130,"column":59}},"58":{"start":{"line":144,"column":0},"end":{"line":144,"column":38}}},"fnMap":{"0":{"name":"(anonymous_0)","decl":{"start":{"line":6,"column":4},"end":{"line":6,"column":5}},"loc":{"start":{"line":6,"column":32},"end":{"line":36,"column":5}},"line":6},"1":{"name":"(anonymous_1)","decl":{"start":{"line":38,"column":4},"end":{"line":38,"column":5}},"loc":{"start":{"line":38,"column":33},"end":{"line":66,"column":5}},"line":38},"2":{"name":"(anonymous_2)","decl":{"start":{"line":68,"column":4},"end":{"line":68,"column":5}},"loc":{"start":{"line":68,"column":29},"end":{"line":88,"column":5}},"line":68},"3":{"name":"(anonymous_3)","decl":{"start":{"line":74,"column":50},"end":{"line":74,"column":51}},"loc":{"start":{"line":75,"column":16},"end":{"line":77,"column":17}},"line":75},"4":{"name":"(anonymous_4)","decl":{"start":{"line":90,"column":4},"end":{"line":90,"column":5}},"loc":{"start":{"line":90,"column":30},"end":{"line":121,"column":5}},"line":90},"5":{"name":"(anonymous_5)","decl":{"start":{"line":123,"column":4},"end":{"line":123,"column":5}},"loc":{"start":{"line":123,"column":32},"end":{"line":132,"column":5}},"line":123}},"branchMap":{"0":{"loc":{"start":{"line":14,"column":12},"end":{"line":16,"column":13}},"type":"if","locations":[{"start":{"line":14,"column":12},"end":{"line":16,"column":13}},{"start":{},"end":{}}],"line":14},"1":{"loc":{"start":{"line":27,"column":12},"end":{"line":27,"column":61}},"type":"if","locations":[{"start":{"line":27,"column":12},"end":{"line":27,"column":61}},{"start":{},"end":{}}],"line":27},"2":{"loc":{"start":{"line":44,"column":12},"end":{"line":46,"column":13}},"type":"if","locations":[{"start":{"line":44,"column":12},"end":{"line":46,"column":13}},{"start":{},"end":{}}],"line":44},"3":{"loc":{"start":{"line":44,"column":15},"end":{"line":44,"column":41}},"type":"binary-expr","locations":[{"start":{"line":44,"column":15},"end":{"line":44,"column":20}},{"start":{"line":44,"column":24},"end":{"line":44,"column":41}}],"line":44},"4":{"loc":{"start":{"line":48,"column":12},"end":{"line":50,"column":13}},"type":"if","locations":[{"start":{"line":48,"column":12},"end":{"line":50,"column":13}},{"start":{},"end":{}}],"line":48},"5":{"loc":{"start":{"line":72,"column":12},"end":{"line":78,"column":13}},"type":"if","locations":[{"start":{"line":72,"column":12},"end":{"line":78,"column":13}},{"start":{},"end":{}}],"line":72},"6":{"loc":{"start":{"line":93,"column":12},"end":{"line":115,"column":13}},"type":"if","locations":[{"start":{"line":93,"column":12},"end":{"line":115,"column":13}},{"start":{},"end":{}}],"line":93},"7":{"loc":{"start":{"line":108,"column":16},"end":{"line":110,"column":45}},"type":"if","locations":[{"start":{"line":108,"column":16},"end":{"line":110,"column":45}},{"start":{"line":109,"column":21},"end":{"line":110,"column":45}}],"line":108},"8":{"loc":{"start":{"line":109,"column":21},"end":{"line":110,"column":45}},"type":"if","locations":[{"start":{"line":109,"column":21},"end":{"line":110,"column":45}},{"start":{"line":110,"column":20},"end":{"line":110,"column":45}}],"line":109}},"s":{"0":1,"1":1,"2":0,"3":0,"4":0,"5":0,"6":0,"7":0,"8":0,"9":0,"10":0,"11":0,"12":0,"13":0,"14":0,"15":0,"16":0,"17":0,"18":0,"19":0,"20":0,"21":0,"22":0,"23":0,"24":0,"25":0,"26":0,"27":0,"28":0,"29":0,"30":0,"31":0,"32":0,"33":0,"34":0,"35":0,"36":0,"37":0,"38":0,"39":0,"40":0,"41":0,"42":0,"43":0,"44":0,"45":0,"46":0,"47":0,"48":0,"49":0,"50":0,"51":0,"52":0,"53":0,"54":0,"55":0,"56":0,"57":0,"58":1},"f":{"0":0,"1":0,"2":0,"3":0,"4":0,"5":0},"b":{"0":[0,0],"1":[0,0],"2":[0,0],"3":[0,0],"4":[0,0],"5":[0,0],"6":[0,0],"7":[0,0],"8":[0,0]},"_coverageSchema":"1a1c01bbd47fc00a2c39e90264f33305004495a9","hash":"481c628b6dab7d965838408e5e46645cac091818"}
,"D:\\Uni\\2\\Kursach\\kursova\\middleware\\login.js": {"path":"D:\\Uni\\2\\Kursach\\kursova\\middleware\\login.js","statementMap":{"0":{"start":{"line":3,"column":0},"end":{"line":19,"column":1}},"1":{"start":{"line":5,"column":4},"end":{"line":18,"column":5}},"2":{"start":{"line":6,"column":8},"end":{"line":14,"column":9}},"3":{"start":{"line":6,"column":32},"end":{"line":6,"column":38}},"4":{"start":{"line":8,"column":12},"end":{"line":13,"column":15}},"5":{"start":{"line":17,"column":8},"end":{"line":17,"column":23}},"6":{"start":{"line":21,"column":0},"end":{"line":28,"column":1}},"7":{"start":{"line":22,"column":4},"end":{"line":27,"column":5}},"8":{"start":{"line":23,"column":8},"end":{"line":23,"column":40}},"9":{"start":{"line":23,"column":32},"end":{"line":23,"column":38}},"10":{"start":{"line":26,"column":8},"end":{"line":26,"column":23}}},"fnMap":{"0":{"name":"(anonymous_0)","decl":{"start":{"line":3,"column":31},"end":{"line":3,"column":32}},"loc":{"start":{"line":3,"column":51},"end":{"line":19,"column":1}},"line":3},"1":{"name":"(anonymous_1)","decl":{"start":{"line":21,"column":24},"end":{"line":21,"column":25}},"loc":{"start":{"line":21,"column":44},"end":{"line":28,"column":1}},"line":21}},"branchMap":{"0":{"loc":{"start":{"line":6,"column":8},"end":{"line":14,"column":9}},"type":"if","locations":[{"start":{"line":6,"column":8},"end":{"line":14,"column":9}},{"start":{"line":7,"column":12},"end":{"line":14,"column":9}}],"line":6},"1":{"loc":{"start":{"line":23,"column":8},"end":{"line":23,"column":40}},"type":"if","locations":[{"start":{"line":23,"column":8},"end":{"line":23,"column":40}},{"start":{},"end":{}}],"line":23}},"s":{"0":1,"1":0,"2":0,"3":0,"4":0,"5":0,"6":1,"7":0,"8":0,"9":0,"10":0},"f":{"0":0,"1":0},"b":{"0":[0,0],"1":[0,0]},"_coverageSchema":"1a1c01bbd47fc00a2c39e90264f33305004495a9","hash":"e32eef3ce1d53f6ba91f3110314f247eacd1d660"}
,"D:\\Uni\\2\\Kursach\\kursova\\middleware\\roles.js": {"path":"D:\\Uni\\2\\Kursach\\kursova\\middleware\\roles.js","statementMap":{"0":{"start":{"line":2,"column":0},"end":{"line":15,"column":1}},"1":{"start":{"line":3,"column":4},"end":{"line":14,"column":5}},"2":{"start":{"line":4,"column":8},"end":{"line":10,"column":16}},"3":{"start":{"line":4,"column":53},"end":{"line":4,"column":59}},"4":{"start":{"line":6,"column":12},"end":{"line":10,"column":15}},"5":{"start":{"line":13,"column":8},"end":{"line":13,"column":23}},"6":{"start":{"line":17,"column":0},"end":{"line":30,"column":1}},"7":{"start":{"line":18,"column":4},"end":{"line":29,"column":5}},"8":{"start":{"line":19,"column":8},"end":{"line":25,"column":16}},"9":{"start":{"line":19,"column":46},"end":{"line":19,"column":52}},"10":{"start":{"line":21,"column":12},"end":{"line":25,"column":15}},"11":{"start":{"line":28,"column":8},"end":{"line":28,"column":23}},"12":{"start":{"line":32,"column":0},"end":{"line":45,"column":1}},"13":{"start":{"line":33,"column":4},"end":{"line":44,"column":5}},"14":{"start":{"line":34,"column":8},"end":{"line":40,"column":16}},"15":{"start":{"line":34,"column":45},"end":{"line":34,"column":51}},"16":{"start":{"line":36,"column":12},"end":{"line":40,"column":15}},"17":{"start":{"line":43,"column":8},"end":{"line":43,"column":23}},"18":{"start":{"line":47,"column":0},"end":{"line":60,"column":1}},"19":{"start":{"line":48,"column":4},"end":{"line":59,"column":5}},"20":{"start":{"line":49,"column":8},"end":{"line":55,"column":16}},"21":{"start":{"line":49,"column":46},"end":{"line":49,"column":52}},"22":{"start":{"line":51,"column":12},"end":{"line":55,"column":15}},"23":{"start":{"line":58,"column":8},"end":{"line":58,"column":23}}},"fnMap":{"0":{"name":"(anonymous_0)","decl":{"start":{"line":2,"column":31},"end":{"line":2,"column":32}},"loc":{"start":{"line":2,"column":51},"end":{"line":15,"column":1}},"line":2},"1":{"name":"(anonymous_1)","decl":{"start":{"line":17,"column":32},"end":{"line":17,"column":33}},"loc":{"start":{"line":17,"column":52},"end":{"line":30,"column":1}},"line":17},"2":{"name":"(anonymous_2)","decl":{"start":{"line":32,"column":31},"end":{"line":32,"column":32}},"loc":{"start":{"line":32,"column":51},"end":{"line":45,"column":1}},"line":32},"3":{"name":"(anonymous_3)","decl":{"start":{"line":47,"column":30},"end":{"line":47,"column":31}},"loc":{"start":{"line":47,"column":50},"end":{"line":60,"column":1}},"line":47}},"branchMap":{"0":{"loc":{"start":{"line":4,"column":8},"end":{"line":10,"column":16}},"type":"if","locations":[{"start":{"line":4,"column":8},"end":{"line":10,"column":16}},{"start":{"line":5,"column":12},"end":{"line":10,"column":16}}],"line":4},"1":{"loc":{"start":{"line":19,"column":8},"end":{"line":25,"column":16}},"type":"if","locations":[{"start":{"line":19,"column":8},"end":{"line":25,"column":16}},{"start":{"line":20,"column":12},"end":{"line":25,"column":16}}],"line":19},"2":{"loc":{"start":{"line":34,"column":8},"end":{"line":40,"column":16}},"type":"if","locations":[{"start":{"line":34,"column":8},"end":{"line":40,"column":16}},{"start":{"line":35,"column":12},"end":{"line":40,"column":16}}],"line":34},"3":{"loc":{"start":{"line":49,"column":8},"end":{"line":55,"column":16}},"type":"if","locations":[{"start":{"line":49,"column":8},"end":{"line":55,"column":16}},{"start":{"line":50,"column":12},"end":{"line":55,"column":16}}],"line":49}},"s":{"0":1,"1":0,"2":0,"3":0,"4":0,"5":0,"6":1,"7":0,"8":0,"9":0,"10":0,"11":0,"12":1,"13":0,"14":0,"15":0,"16":0,"17":0,"18":1,"19":0,"20":0,"21":0,"22":0,"23":0},"f":{"0":0,"1":0,"2":0,"3":0},"b":{"0":[0,0],"1":[0,0],"2":[0,0],"3":[0,0]},"_coverageSchema":"1a1c01bbd47fc00a2c39e90264f33305004495a9","hash":"dc97953f463f9d2963ea16b962549d5cf2002fcc"}
,"D:\\Uni\\2\\Kursach\\kursova\\models\\Product.js": {"path":"D:\\Uni\\2\\Kursach\\kursova\\models\\Product.js","statementMap":{"0":{"start":{"line":1,"column":43},"end":{"line":1,"column":62}},"1":{"start":{"line":20,"column":16},"end":{"line":75,"column":24}},"2":{"start":{"line":79,"column":0},"end":{"line":79,"column":43}}},"fnMap":{},"branchMap":{},"s":{"0":1,"1":1,"2":1},"f":{},"b":{},"_coverageSchema":"1a1c01bbd47fc00a2c39e90264f33305004495a9","hash":"e55a3b10f06bd3ed8b8601539b017724e967041a"}
,"D:\\Uni\\2\\Kursach\\kursova\\models\\User.js": {"path":"D:\\Uni\\2\\Kursach\\kursova\\models\\User.js","statementMap":{"0":{"start":{"line":1,"column":43},"end":{"line":1,"column":62}},"1":{"start":{"line":4,"column":13},"end":{"line":45,"column":24}},"2":{"start":{"line":48,"column":0},"end":{"line":48,"column":37}}},"fnMap":{},"branchMap":{},"s":{"0":1,"1":1,"2":1},"f":{},"b":{},"_coverageSchema":"1a1c01bbd47fc00a2c39e90264f33305004495a9","hash":"6b7afb2f8dbe5859d0065a162bb121e1befa9a5f"}
,"D:\\Uni\\2\\Kursach\\kursova\\routes\\main.js": {"path":"D:\\Uni\\2\\Kursach\\kursova\\routes\\main.js","statementMap":{"0":{"start":{"line":1,"column":19},"end":{"line":1,"column":37}},"1":{"start":{"line":2,"column":23},"end":{"line":2,"column":63}},"2":{"start":{"line":3,"column":26},"end":{"line":3,"column":69}},"3":{"start":{"line":4,"column":23},"end":{"line":4,"column":70}},"4":{"start":{"line":5,"column":15},"end":{"line":5,"column":23}},"5":{"start":{"line":6,"column":14},"end":{"line":6,"column":44}},"6":{"start":{"line":7,"column":14},"end":{"line":7,"column":44}},"7":{"start":{"line":8,"column":20},"end":{"line":8,"column":43}},"8":{"start":{"line":11,"column":0},"end":{"line":14,"column":3}},"9":{"start":{"line":12,"column":4},"end":{"line":12,"column":30}},"10":{"start":{"line":13,"column":4},"end":{"line":13,"column":61}},"11":{"start":{"line":16,"column":0},"end":{"line":18,"column":2}},"12":{"start":{"line":17,"column":4},"end":{"line":17,"column":23}},"13":{"start":{"line":21,"column":0},"end":{"line":21,"column":70}},"14":{"start":{"line":23,"column":0},"end":{"line":26,"column":3}},"15":{"start":{"line":24,"column":4},"end":{"line":24,"column":26}},"16":{"start":{"line":25,"column":4},"end":{"line":25,"column":22}},"17":{"start":{"line":29,"column":0},"end":{"line":35,"column":41}},"18":{"start":{"line":32,"column":8},"end":{"line":34,"column":88}},"19":{"start":{"line":33,"column":12},"end":{"line":33,"column":117}},"20":{"start":{"line":34,"column":15},"end":{"line":34,"column":86}},"21":{"start":{"line":38,"column":0},"end":{"line":44,"column":40}},"22":{"start":{"line":41,"column":8},"end":{"line":43,"column":86}},"23":{"start":{"line":42,"column":12},"end":{"line":42,"column":117}},"24":{"start":{"line":43,"column":15},"end":{"line":43,"column":84}},"25":{"start":{"line":47,"column":0},"end":{"line":52,"column":44}},"26":{"start":{"line":50,"column":8},"end":{"line":50,"column":74}},"27":{"start":{"line":55,"column":0},"end":{"line":55,"column":49}},"28":{"start":{"line":57,"column":0},"end":{"line":57,"column":58}},"29":{"start":{"line":59,"column":0},"end":{"line":59,"column":87}},"30":{"start":{"line":60,"column":0},"end":{"line":60,"column":93}},"31":{"start":{"line":61,"column":0},"end":{"line":61,"column":72}},"32":{"start":{"line":63,"column":0},"end":{"line":63,"column":95}},"33":{"start":{"line":64,"column":0},"end":{"line":64,"column":97}},"34":{"start":{"line":65,"column":0},"end":{"line":65,"column":91}},"35":{"start":{"line":67,"column":0},"end":{"line":67,"column":89}},"36":{"start":{"line":68,"column":0},"end":{"line":68,"column":72}},"37":{"start":{"line":76,"column":0},"end":{"line":79,"column":49}},"38":{"start":{"line":82,"column":0},"end":{"line":82,"column":94}},"39":{"start":{"line":83,"column":0},"end":{"line":83,"column":97}},"40":{"start":{"line":84,"column":0},"end":{"line":84,"column":94}},"41":{"start":{"line":90,"column":0},"end":{"line":90,"column":24}}},"fnMap":{"0":{"name":"(anonymous_0)","decl":{"start":{"line":11,"column":16},"end":{"line":11,"column":17}},"loc":{"start":{"line":11,"column":30},"end":{"line":14,"column":1}},"line":11},"1":{"name":"(anonymous_1)","decl":{"start":{"line":16,"column":20},"end":{"line":16,"column":21}},"loc":{"start":{"line":16,"column":32},"end":{"line":18,"column":1}},"line":16},"2":{"name":"(anonymous_2)","decl":{"start":{"line":23,"column":22},"end":{"line":23,"column":23}},"loc":{"start":{"line":23,"column":36},"end":{"line":26,"column":1}},"line":23},"3":{"name":"(anonymous_3)","decl":{"start":{"line":31,"column":9},"end":{"line":31,"column":10}},"loc":{"start":{"line":31,"column":23},"end":{"line":34,"column":89}},"line":31},"4":{"name":"(anonymous_4)","decl":{"start":{"line":40,"column":9},"end":{"line":40,"column":10}},"loc":{"start":{"line":40,"column":21},"end":{"line":43,"column":87}},"line":40},"5":{"name":"(anonymous_5)","decl":{"start":{"line":49,"column":53},"end":{"line":49,"column":54}},"loc":{"start":{"line":49,"column":65},"end":{"line":51,"column":5}},"line":49}},"branchMap":{"0":{"loc":{"start":{"line":32,"column":8},"end":{"line":34,"column":88}},"type":"if","locations":[{"start":{"line":32,"column":8},"end":{"line":34,"column":88}},{"start":{"line":34,"column":13},"end":{"line":34,"column":88}}],"line":32},"1":{"loc":{"start":{"line":41,"column":8},"end":{"line":43,"column":86}},"type":"if","locations":[{"start":{"line":41,"column":8},"end":{"line":43,"column":86}},{"start":{"line":43,"column":13},"end":{"line":43,"column":86}}],"line":41}},"s":{"0":1,"1":1,"2":1,"3":1,"4":1,"5":1,"6":1,"7":1,"8":1,"9":0,"10":0,"11":1,"12":0,"13":1,"14":1,"15":0,"16":0,"17":1,"18":0,"19":0,"20":0,"21":1,"22":0,"23":0,"24":0,"25":1,"26":0,"27":1,"28":1,"29":1,"30":1,"31":1,"32":1,"33":1,"34":1,"35":1,"36":1,"37":1,"38":1,"39":1,"40":1,"41":1},"f":{"0":0,"1":0,"2":0,"3":0,"4":0,"5":0},"b":{"0":[0,0],"1":[0,0]},"_coverageSchema":"1a1c01bbd47fc00a2c39e90264f33305004495a9","hash":"52b4795025d7489f584a77c393c07ea5098162c8"}
}
